2026-06-04 13:20:12,416 [INFO] === Scan démarré — 15 tickers ===
2026-06-04 13:20:12,416 [INFO] [1/15] Analyse de MC.PA...
2026-06-04 13:20:14,993 [ERROR] MC.PA — erreur analyse : float() argument must be a string or a real number, not 'Series'
2026-06-04 13:20:15,294 [INFO] [2/15] Analyse de LVMH.PA...
2026-06-04 13:20:15,438 [ERROR] $LVMH.PA: possibly delisted; no price data found  (period=6mo)
2026-06-04 13:20:15,441 [ERROR] 
1 Failed download:
2026-06-04 13:20:15,441 [ERROR] ['LVMH.PA']: possibly delisted; no price data found  (period=6mo)
2026-06-04 13:20:15,443 [WARNING] LVMH.PA — données insuffisantes (0 bougies)
2026-06-04 13:20:15,444 [INFO] [3/15] Analyse de TTE.PA...
2026-06-04 13:20:15,733 [ERROR] TTE.PA — erreur analyse : float() argument must be a string or a real number, not 'Series'
2026-06-04 13:20:16,034 [INFO] [4/15] Analyse de SAN.PA...
2026-06-04 13:20:16,300 [ERROR] SAN.PA — erreur analyse : float() argument must be a string or a real number, not 'Series'
2026-06-04 13:20:16,601 [INFO] [5/15] Analyse de BNP.PA...
2026-06-04 13:20:16,869 [ERROR] BNP.PA — erreur analyse : float() argument must be a string or a real number, not 'Series'
2026-06-04 13:20:17,170 [INFO] [6/15] Analyse de AIR.PA...
2026-06-04 13:20:17,395 [ERROR] AIR.PA — erreur analyse : float() argument must be a string or a real number, not 'Series'
2026-06-04 13:20:17,696 [INFO] [7/15] Analyse de OR.PA...
2026-06-04 13:20:17,980 [ERROR] OR.PA — erreur analyse : float() argument must be a string or a real number, not 'Series'
2026-06-04 13:20:18,282 [INFO] [8/15] Analyse de SU.PA...
2026-06-04 13:20:18,543 [ERROR] SU.PA — erreur analyse : float() argument must be a string or a real number, not 'Series'
2026-06-04 13:20:18,844 [INFO] [9/15] Analyse de AAPL...
2026-06-04 13:20:19,134 [ERROR] AAPL — erreur analyse : float() argument must be a string or a real number, not 'Series'
2026-06-04 13:20:19,435 [INFO] [10/15] Analyse de MSFT...
2026-06-04 13:20:19,675 [ERROR] MSFT — erreur analyse : float() argument must be a string or a real number, not 'Series'
2026-06-04 13:20:19,976 [INFO] [11/15] Analyse de NVDA...
2026-06-04 13:20:20,158 [ERROR] NVDA — erreur analyse : float() argument must be a string or a real number, not 'Series'
2026-06-04 13:20:20,458 [INFO] [12/15] Analyse de GOOGL...
2026-06-04 13:20:20,627 [ERROR] GOOGL — erreur analyse : float() argument must be a string or a real number, not 'Series'
2026-06-04 13:20:20,928 [INFO] [13/15] Analyse de META...
2026-06-04 13:20:21,113 [ERROR] META — erreur analyse : float() argument must be a string or a real number, not 'Series'
2026-06-04 13:20:21,414 [INFO] [14/15] Analyse de TSLA...
2026-06-04 13:20:21,609 [ERROR] TSLA — erreur analyse : float() argument must be a string or a real number, not 'Series'
2026-06-04 13:20:21,910 [INFO] [15/15] Analyse de AMZN...
2026-06-04 13:20:22,093 [ERROR] AMZN — erreur analyse : float() argument must be a string or a real number, not 'Series'
2026-06-04 13:20:22,395 [INFO] Aucun signal détecté ce soir.
2026-06-04 13:21:54,213 [INFO] === Scan démarré — 15 tickers ===
2026-06-04 13:21:54,213 [INFO] [1/15] Analyse de MC.PA...
2026-06-04 13:21:54,918 [INFO] [2/15] Analyse de LVMH.PA...
2026-06-04 13:21:54,995 [ERROR] $LVMH.PA: possibly delisted; no price data found  (period=6mo)
2026-06-04 13:21:55,002 [ERROR] 
1 Failed download:
2026-06-04 13:21:55,002 [ERROR] ['LVMH.PA']: possibly delisted; no price data found  (period=6mo)
2026-06-04 13:21:55,005 [WARNING] LVMH.PA — données insuffisantes (0 bougies)
2026-06-04 13:21:55,005 [INFO] [3/15] Analyse de TTE.PA...
2026-06-04 13:21:55,468 [INFO] [4/15] Analyse de SAN.PA...
2026-06-04 13:21:55,953 [ERROR] Telegram erreur 404 : {"ok":false,"error_code":404,"description":"Not Found"}
2026-06-04 13:21:55,954 [INFO]   → ANTICIPATION_HAUSSIER détecté — Telegram ECHEC
2026-06-04 13:21:56,755 [INFO] [5/15] Analyse de BNP.PA...
2026-06-04 13:21:57,211 [INFO] [6/15] Analyse de AIR.PA...
2026-06-04 13:21:57,606 [ERROR] Telegram erreur 404 : {"ok":false,"error_code":404,"description":"Not Found"}
2026-06-04 13:21:57,607 [INFO]   → ANTICIPATION_HAUSSIER détecté — Telegram ECHEC
2026-06-04 13:21:58,409 [INFO] [7/15] Analyse de OR.PA...
2026-06-04 13:21:58,823 [ERROR] Telegram erreur 404 : {"ok":false,"error_code":404,"description":"Not Found"}
2026-06-04 13:21:58,824 [INFO]   → ANTICIPATION_BAISSIER détecté — Telegram ECHEC
2026-06-04 13:21:59,626 [INFO] [8/15] Analyse de SU.PA...
2026-06-04 13:22:00,072 [INFO] [9/15] Analyse de AAPL...
2026-06-04 13:22:00,518 [INFO] [10/15] Analyse de MSFT...
2026-06-04 13:22:00,942 [INFO] [11/15] Analyse de NVDA...
2026-06-04 13:22:01,354 [INFO] [12/15] Analyse de GOOGL...
2026-06-04 13:22:01,768 [INFO] [13/15] Analyse de META...
2026-06-04 13:22:02,191 [ERROR] Telegram erreur 404 : {"ok":false,"error_code":404,"description":"Not Found"}
2026-06-04 13:22:02,192 [INFO]   → ANTICIPATION_HAUSSIER détecté — Telegram ECHEC
2026-06-04 13:22:02,994 [INFO] [14/15] Analyse de TSLA...
2026-06-04 13:22:03,397 [INFO] [15/15] Analyse de AMZN...
2026-06-04 13:22:03,796 [ERROR] Telegram erreur 404 : {"ok":false,"error_code":404,"description":"Not Found"}
2026-06-04 13:22:03,798 [INFO]   → SHORT détecté — Telegram ECHEC
2026-06-04 13:22:04,599 [INFO] === Scan terminé — 5 signal(s) envoyé(s) ===
2026-06-04 13:24:07,187 [INFO] === Scan démarré — 15 tickers ===
2026-06-04 13:24:07,187 [INFO] [1/15] Analyse de MC.PA...
2026-06-04 13:24:07,883 [INFO] [2/15] Analyse de LVMH.PA...
2026-06-04 13:24:07,980 [ERROR] $LVMH.PA: possibly delisted; no price data found  (period=6mo)
2026-06-04 13:24:07,989 [ERROR] 
1 Failed download:
2026-06-04 13:24:07,989 [ERROR] ['LVMH.PA']: possibly delisted; no price data found  (period=6mo)
2026-06-04 13:24:07,992 [WARNING] LVMH.PA — données insuffisantes (0 bougies)
2026-06-04 13:24:07,992 [INFO] [3/15] Analyse de TTE.PA...
2026-06-04 13:24:08,435 [INFO] [4/15] Analyse de SAN.PA...
2026-06-04 13:24:08,911 [INFO]   → ANTICIPATION_HAUSSIER détecté — Telegram OK
2026-06-04 13:24:09,712 [INFO] [5/15] Analyse de BNP.PA...
2026-06-04 13:24:10,197 [INFO] [6/15] Analyse de AIR.PA...
2026-06-04 13:24:10,668 [INFO]   → ANTICIPATION_HAUSSIER détecté — Telegram OK
2026-06-04 13:24:11,469 [INFO] [7/15] Analyse de OR.PA...
2026-06-04 13:24:12,074 [INFO]   → ANTICIPATION_BAISSIER détecté — Telegram OK
2026-06-04 13:24:12,875 [INFO] [8/15] Analyse de SU.PA...
2026-06-04 13:24:13,312 [INFO] [9/15] Analyse de AAPL...
2026-06-04 13:24:13,781 [INFO] [10/15] Analyse de MSFT...
2026-06-04 13:24:14,209 [INFO] [11/15] Analyse de NVDA...
2026-06-04 13:24:14,635 [INFO] [12/15] Analyse de GOOGL...
2026-06-04 13:24:15,025 [INFO] [13/15] Analyse de META...
2026-06-04 13:24:15,492 [INFO]   → ANTICIPATION_HAUSSIER détecté — Telegram OK
2026-06-04 13:24:16,294 [INFO] [14/15] Analyse de TSLA...
2026-06-04 13:24:16,696 [INFO] [15/15] Analyse de AMZN...
2026-06-04 13:24:17,147 [INFO]   → SHORT détecté — Telegram OK
2026-06-04 13:24:17,949 [INFO] === Scan terminé — 5 signal(s) envoyé(s) ===
